<?xml version="1.0" encoding="UTF-8"?>
<!-- Generated by org.testng.reporters.JUnitReportReporter -->
<testsuite hostname="Avyak02" failures="0" tests="1" name="com.Project.TestCase.AddToCartPageTest" time="16.152" errors="0" timestamp="2022-02-02T15:45:16 IST" skipped="0">
  <testcase classname="com.Project.TestCase.AddToCartPageTest" name="addToCartTest" time="16.152"/>
  <system-out/>
</testsuite> <!-- com.Project.TestCase.AddToCartPageTest -->
