<?xml version="1.0" encoding="UTF-8"?>
<!-- Generated by org.testng.reporters.JUnitReportReporter -->
<testsuite hostname="Avyak02" failures="0" tests="1" name="com.Project.TestCase.SearchResultPageTest" time="8.291" errors="0" timestamp="2022-02-02T15:45:16 IST" skipped="0">
  <testcase classname="com.Project.TestCase.SearchResultPageTest" name="productAvialbilityTest" time="8.291"/>
  <system-out/>
</testsuite> <!-- com.Project.TestCase.SearchResultPageTest -->
