<?xml version="1.0" encoding="UTF-8"?>
<!-- Generated by org.testng.reporters.JUnitReportReporter -->
<testsuite hostname="Avyak02" failures="0" tests="2" name="com.Project.TestCase.IndexPageTest" time="19.730" errors="0" timestamp="2022-02-02T15:45:16 IST" skipped="0">
  <testcase classname="com.Project.TestCase.IndexPageTest" name="verifyLogo" time="11.723"/>
  <system-out/>
  <testcase classname="com.Project.TestCase.IndexPageTest" name="verifyTitle" time="8.007"/>
  <system-out/>
</testsuite> <!-- com.Project.TestCase.IndexPageTest -->
